2015/06/03 19:59:22 INFO  - jmeter.util.JMeterUtils: Setting Locale to en_IN 
2015/06/03 19:59:23 INFO  - jmeter.JMeter: Copyright (c) 1998-2015 The Apache Software Foundation 
2015/06/03 19:59:23 INFO  - jmeter.JMeter: Version 2.13 
2015/06/03 19:59:23 INFO  - jmeter.JMeter: java.version=1.8.0_20 
2015/06/03 19:59:23 INFO  - jmeter.JMeter: java.vm.name=Java HotSpot(TM) 64-Bit Server VM 
2015/06/03 19:59:23 INFO  - jmeter.JMeter: os.name=Windows 7 
2015/06/03 19:59:23 INFO  - jmeter.JMeter: os.arch=amd64 
2015/06/03 19:59:23 INFO  - jmeter.JMeter: os.version=6.1 
2015/06/03 19:59:23 INFO  - jmeter.JMeter: file.encoding=Cp1252 
2015/06/03 19:59:23 INFO  - jmeter.JMeter: Max memory     =1892155392 
2015/06/03 19:59:23 INFO  - jmeter.JMeter: Available Processors =4 
2015/06/03 19:59:23 INFO  - jmeter.JMeter: Default Locale=English (India) 
2015/06/03 19:59:23 INFO  - jmeter.JMeter: JMeter  Locale=English (India) 
2015/06/03 19:59:23 INFO  - jmeter.JMeter: JMeterHome=D:\JAutoWorks\jmeter-trunk 
2015/06/03 19:59:23 INFO  - jmeter.JMeter: user.dir  =D:\JAutoWorks\jmeter-trunk 
2015/06/03 19:59:23 INFO  - jmeter.JMeter: PWD       =D:\JAutoWorks\jmeter-trunk 
2015/06/03 19:59:23 INFO  - jmeter.JMeter: IP: 10.47.82.43 Name: FPBLWL0304 FullName: FPBLWL0304.TYCOFS.COM 
2015/06/03 19:59:23 INFO  - jmeter.JMeter: search_paths=/app1/lib;/app2/lib 
2015/06/03 19:59:23 WARN  - jmeter.JMeter: Can't read /app1/lib 
2015/06/03 19:59:23 WARN  - jmeter.JMeter: Can't read /app2/lib 
2015/06/03 19:59:23 INFO  - jmeter.gui.action.LookAndFeelCommand: Using look and feel: javax.swing.plaf.metal.MetalLookAndFeel [Metal, CrossPlatform] 
2015/06/03 19:59:23 INFO  - jmeter.JMeter: Loaded icon properties from org/apache/jmeter/images/icon.properties 
2015/06/03 19:59:25 INFO  - jmeter.engine.util.CompoundVariable: Note: Function class names must contain the string: '.functions.' 
2015/06/03 19:59:25 INFO  - jmeter.engine.util.CompoundVariable: Note: Function class names must not contain the string: '.gui.' 
2015/06/03 19:59:26 INFO  - jmeter.util.BSFTestElement: Registering JMeter version of JavaScript engine as work-round for BSF-22 
2015/06/03 19:59:27 INFO  - jmeter.protocol.http.sampler.HTTPSamplerBase: Cannot find .className property for htmlParser, using default 
2015/06/03 19:59:27 INFO  - jmeter.protocol.http.sampler.HTTPSamplerBase: Parser for text/html is  
2015/06/03 19:59:27 INFO  - jmeter.protocol.http.sampler.HTTPSamplerBase: Parser for application/xhtml+xml is  
2015/06/03 19:59:27 INFO  - jmeter.protocol.http.sampler.HTTPSamplerBase: Parser for application/xml is  
2015/06/03 19:59:27 INFO  - jmeter.protocol.http.sampler.HTTPSamplerBase: Parser for text/xml is  
2015/06/03 19:59:27 INFO  - jmeter.protocol.http.sampler.HTTPSamplerBase: Parser for text/vnd.wap.wml is org.apache.jmeter.protocol.http.parser.RegexpHTMLParser 
2015/06/03 19:59:28 INFO  - jorphan.exec.KeyToolUtils: keytool found at 'keytool' 
2015/06/03 19:59:28 INFO  - jmeter.protocol.http.proxy.ProxyControl: HTTP(S) Test Script Recorder SSL Proxy will use keys that support embedded 3rd party resources in file D:\JAutoWorks\jmeter-trunk\bin\proxyserver.jks 
2015/06/03 19:59:29 INFO  - jmeter.samplers.SampleResult: Note: Sample TimeStamps are START times 
2015/06/03 19:59:29 INFO  - jmeter.samplers.SampleResult: sampleresult.default.encoding is set to ISO-8859-1 
2015/06/03 19:59:29 INFO  - jmeter.samplers.SampleResult: sampleresult.useNanoTime=true 
2015/06/03 19:59:29 INFO  - jmeter.samplers.SampleResult: sampleresult.nanoThreadSleep=5000 
